#
# A fatal error has been detected by the Java Runtime Environment:
#
#  SIGSEGV (0xb) at pc=0x000000012b2dccdd, pid=6552, tid=0x000000000000c607
#
# JRE version: Java(TM) SE Runtime Environment (8.0_101-b13) (build 1.8.0_101-b13)
# Java VM: Java HotSpot(TM) 64-Bit Server VM (25.101-b13 mixed mode bsd-amd64 compressed oops)
# Problematic frame:
# C  [libawt_lwawt.dylib+0x1acdd]  OGLSD_SetScratchSurface+0x49
#
# Failed to write core dump. Core dumps have been disabled. To enable core dumping, try "ulimit -c unlimited" before starting Java again
#
# If you would like to submit a bug report, please visit:
#   http://bugreport.java.com/bugreport/crash.jsp
# The crash happened outside the Java Virtual Machine in native code.
# See problematic frame for where to report the bug.
#

---------------  T H R E A D  ---------------

Current thread (0x00007fa0e280a800):  JavaThread "Java2D Queue Flusher" daemon [_thread_in_native, id=50695, stack(0x000070000145c000,0x000070000155c000)]

siginfo: si_signo: 11 (SIGSEGV), si_code: 1 (SEGV_MAPERR), si_addr: 0x0000000000000002

Registers:
RAX=0x000000012b2fd2fa, RBX=0x0000000000000002, RCX=0x0000000000000047, RDX=0x000000012b2fd844
RSP=0x000070000155b710, RBP=0x000070000155b730, RSI=0x00007fa0e2676650, RDI=0x00007fa0e280a9f8
R8 =0x00000000000032d3, R9 =0x00007fa0e2446640, R10=0x000000010f6736b8, R11=0xffffffff00000000
R12=0x0000000000000000, R13=0x000000010f960184, R14=0x00007fa0e280a9f8, R15=0x00007fa0e280a800
RIP=0x000000012b2dccdd, EFLAGS=0x0000000000010202, ERR=0x0000000000000004
  TRAPNO=0x000000000000000e

Top of Stack: (sp=0x000070000155b710)
0x000070000155b710:   00007fa0e2676650 0000000000000000
0x000070000155b720:   00007fa0e291e010 00007fa0e280a800
0x000070000155b730:   000070000155b7b0 000000012b2fd322
0x000070000155b740:   000000000155b878 00000001984f1488
0x000070000155b750:   0000000000000000 000000010f960184
0x000070000155b760:   000070000155b780 0000000000000064
0x000070000155b770:   00007fa0e4102c08 00007fa0e291e020
0x000070000155b780:   00007fa00080a800 00007fa0e280a9f8
0x000070000155b790:   00000001984f1488 0000000000000000
0x000070000155b7a0:   000070000155b878 00007fa0e280a800
0x000070000155b7b0:   000070000155b800 000000010f67372a
0x000070000155b7c0:   000000076eb1b848 000000010e74ea1c
0x000070000155b7d0:   0000000000000005 00007fa0e280a800
0x000070000155b7e0:   000000076eb18a01 00007fa0e2446d90
0x000070000155b7f0:   000070000155b800 00007fa0e280a800
0x000070000155b800:   000070000155b9d0 000000010f9e797c
0x000070000155b810:   000070000155b878 00007fa0e280a800
0x000070000155b820:   000070000155b870 000000010f5f90e8
0x000070000155b830:   000000076eb18ad8 000000076f590808
0x000070000155b840:   000070000155b870 000070000155b870
0x000070000155b850:   0000000000002e00 0000000000000000
0x000070000155b860:   000000076eb1b848 000000012823c020
0x000070000155b870:   000070000155b9d0 000000010f960184
0x000070000155b880:   0000000000000041 000000012823c020
0x000070000155b890:   0000000000000000 0000000000000000
0x000070000155b8a0:   0000000000000000 0000000100000000
0x000070000155b8b0:   00000000000000dc 0000000000000000
0x000070000155b8c0:   000070000155b968 00007fa0e280a800
0x000070000155b8d0:   000070000155b940 000000010f3bdb6c
0x000070000155b8e0:   0000000100000000 000000076eb18630
0x000070000155b8f0:   000000076eb18ad8 0000000700000000
0x000070000155b900:   000070000155b8f0 000000010f95f410 

Instructions: (pc=0x000000012b2dccdd)
0x000000012b2dccbd:   c0 e9 82 00 00 00 48 8b 5e 10 48 85 db 75 0e bf
0x000000012b2dcccd:   01 00 00 00 48 8d 15 ef 76 03 00 eb d6 49 89 fe
0x000000012b2dccdd:   4c 8b 3b 30 c0 e8 83 a3 02 00 49 8b 3f 49 89 c4
0x000000012b2dcced:   48 8b 35 34 f9 05 00 30 c0 e8 cb a4 02 00 48 85 

Register to memory mapping:

RAX=0x000000012b2fd2fa: Java_sun_java2d_opengl_OGLRenderQueue_flushBuffer+0x612 in /Library/Java/JavaVirtualMachines/jdk1.8.0_101.jdk/Contents/Home/jre/lib/libawt_lwawt.dylib at 0x000000012b2c2000
RBX=0x0000000000000002 is an unknown value
RCX=0x0000000000000047 is an unknown value
RDX=0x000000012b2fd844: Java_sun_java2d_opengl_OGLRenderQueue_flushBuffer+0xb5c in /Library/Java/JavaVirtualMachines/jdk1.8.0_101.jdk/Contents/Home/jre/lib/libawt_lwawt.dylib at 0x000000012b2c2000
RSP=0x000070000155b710 is pointing into the stack for thread: 0x00007fa0e280a800
RBP=0x000070000155b730 is pointing into the stack for thread: 0x00007fa0e280a800
RSI=0x00007fa0e2676650 is an unknown value
RDI=0x00007fa0e280a9f8 is an unknown value
R8 =0x00000000000032d3 is an unknown value
R9 =0x00007fa0e2446640 is an unknown value
R10=0x000000010f6736b8 is at entry_point+56 in (nmethod*)0x000000010f673510
R11=0xffffffff00000000 is an unknown value
R12=0x0000000000000000 is an unknown value
R13=0x000000010f960184 is at entry_point+2500 in (nmethod*)0x000000010f95f410
R14=0x00007fa0e280a9f8 is an unknown value
R15=0x00007fa0e280a800 is a thread


Stack: [0x000070000145c000,0x000070000155c000],  sp=0x000070000155b710,  free space=1021k
Native frames: (J=compiled Java code, j=interpreted, Vv=VM code, C=native code)
C  [libawt_lwawt.dylib+0x1acdd]  OGLSD_SetScratchSurface+0x49
C  [libawt_lwawt.dylib+0x3b322]  Java_sun_java2d_opengl_OGLRenderQueue_flushBuffer+0x63a
J 870  sun.java2d.opengl.OGLRenderQueue.flushBuffer(JI)V (0 bytes) @ 0x000000010f67372a [0x000000010f673680+0xaa]
J 1642 C1 sun.java2d.opengl.OGLRenderQueue.flushBuffer()V (41 bytes) @ 0x000000010f9e797c [0x000000010f9e7720+0x25c]
J 1594% C1 sun.java2d.opengl.OGLRenderQueue$QueueFlusher.run()V (234 bytes) @ 0x000000010f960184 [0x000000010f95f7c0+0x9c4]
v  ~StubRoutines::call_stub
V  [libjvm.dylib+0x2ecf06]
V  [libjvm.dylib+0x2ed694]
V  [libjvm.dylib+0x2ed840]
V  [libjvm.dylib+0x348029]
V  [libjvm.dylib+0x5695ab]
V  [libjvm.dylib+0x56ac98]
V  [libjvm.dylib+0x48933a]
C  [libsystem_pthread.dylib+0x399d]  _pthread_body+0x83
C  [libsystem_pthread.dylib+0x391a]  _pthread_body+0x0
C  [libsystem_pthread.dylib+0x1351]  thread_start+0xd
C  0x0000000000000000

Java frames: (J=compiled Java code, j=interpreted, Vv=VM code)
J 870  sun.java2d.opengl.OGLRenderQueue.flushBuffer(JI)V (0 bytes) @ 0x000000010f6736b8 [0x000000010f673680+0x38]
J 1642 C1 sun.java2d.opengl.OGLRenderQueue.flushBuffer()V (41 bytes) @ 0x000000010f9e797c [0x000000010f9e7720+0x25c]
J 1594% C1 sun.java2d.opengl.OGLRenderQueue$QueueFlusher.run()V (234 bytes) @ 0x000000010f960184 [0x000000010f95f7c0+0x9c4]
v  ~StubRoutines::call_stub

---------------  P R O C E S S  ---------------

Java Threads: ( => current thread )
  0x00007fa0e30d7000 JavaThread "SwingWorker-pool-1-thread-5" daemon [_thread_blocked, id=61711, stack(0x0000700001bf4000,0x0000700001cf4000)]
  0x00007fa0e4115800 JavaThread "SwingWorker-pool-1-thread-4" daemon [_thread_blocked, id=56323, stack(0x0000700001a6e000,0x0000700001b6e000)]
  0x00007fa0e4114800 JavaThread "SwingWorker-pool-1-thread-3" daemon [_thread_blocked, id=55811, stack(0x000070000196b000,0x0000700001a6b000)]
  0x00007fa0e30ba000 JavaThread "TimerQueue" daemon [_thread_blocked, id=55299, stack(0x0000700001868000,0x0000700001968000)]
  0x00007fa0e30b9000 JavaThread "SwingWorker-pool-1-thread-2" daemon [_thread_blocked, id=54787, stack(0x0000700001765000,0x0000700001865000)]
  0x00007fa0e30cf800 JavaThread "SwingWorker-pool-1-thread-1" daemon [_thread_blocked, id=54275, stack(0x0000700001662000,0x0000700001762000)]
  0x00007fa0e3003800 JavaThread "Java2D Disposer" daemon [_thread_blocked, id=53763, stack(0x000070000155f000,0x000070000165f000)]
=>0x00007fa0e280a800 JavaThread "Java2D Queue Flusher" daemon [_thread_in_native, id=50695, stack(0x000070000145c000,0x000070000155c000)]
  0x00007fa0e3a73000 JavaThread "DestroyJavaVM" [_thread_blocked, id=5891, stack(0x000070000011a000,0x000070000021a000)]
  0x00007fa0e3a78000 JavaThread "AWT-EventQueue-0" [_thread_blocked, id=43579, stack(0x0000700001359000,0x0000700001459000)]
  0x00007fa0e28ee000 JavaThread "AWT-Shutdown" [_thread_blocked, id=29715, stack(0x00007000011d3000,0x00007000012d3000)]
  0x00007fa0e28ec000 JavaThread "AppKit Thread" daemon [_thread_in_native, id=2571, stack(0x00007fff51af8000,0x00007fff522f8000)]
  0x00007fa0e3831800 JavaThread "Service Thread" daemon [_thread_blocked, id=18691, stack(0x0000700000e44000,0x0000700000f44000)]
  0x00007fa0e4050800 JavaThread "C1 CompilerThread2" daemon [_thread_blocked, id=18179, stack(0x0000700000d41000,0x0000700000e41000)]
  0x00007fa0e4050000 JavaThread "C2 CompilerThread1" daemon [_thread_blocked, id=17667, stack(0x0000700000c3e000,0x0000700000d3e000)]
  0x00007fa0e3826000 JavaThread "C2 CompilerThread0" daemon [_thread_blocked, id=17155, stack(0x0000700000b3b000,0x0000700000c3b000)]
  0x00007fa0e3823000 JavaThread "Signal Dispatcher" daemon [_thread_blocked, id=12815, stack(0x0000700000a38000,0x0000700000b38000)]
  0x00007fa0e4045000 JavaThread "Finalizer" daemon [_thread_blocked, id=12291, stack(0x000070000082f000,0x000070000092f000)]
  0x00007fa0e4042800 JavaThread "Reference Handler" daemon [_thread_blocked, id=11779, stack(0x000070000072c000,0x000070000082c000)]

Other Threads:
  0x00007fa0e403d800 VMThread [stack: 0x0000700000629000,0x0000700000729000] [id=11267]
  0x00007fa0e4053800 WatcherThread [stack: 0x0000700000f47000,0x0000700001047000] [id=19203]

VM state:not at safepoint (normal execution)

VM Mutex/Monitor currently owned by a thread: None

Heap:
 PSYoungGen      total 66560K, used 3895K [0x000000076ab00000, 0x000000076f600000, 0x00000007c0000000)
  eden space 64000K, 2% used [0x000000076ab00000,0x000000076acc1c48,0x000000076e980000)
  from space 2560K, 81% used [0x000000076eb00000,0x000000076ed0c010,0x000000076ed80000)
  to   space 2560K, 0% used [0x000000076f380000,0x000000076f380000,0x000000076f600000)
 ParOldGen       total 175104K, used 32K [0x00000006c0000000, 0x00000006cab00000, 0x000000076ab00000)
  object space 175104K, 0% used [0x00000006c0000000,0x00000006c0008000,0x00000006cab00000)
 Metaspace       used 10388K, capacity 10552K, committed 10752K, reserved 1058816K
  class space    used 1184K, capacity 1248K, committed 1280K, reserved 1048576K

Card table byte_map: [0x000000011e75d000,0x000000011ef5e000] byte_map_base: 0x000000011b15d000

Marking Bits: (ParMarkBitMap*) 0x000000010ecedd20
 Begin Bits: [0x000000011f4b4000, 0x00000001234b4000)
 End Bits:   [0x00000001234b4000, 0x00000001274b4000)

Polling page: 0x000000010dbcb000

CodeCache: size=245760Kb used=6465Kb max_used=6576Kb free=239294Kb
 bounds [0x000000010f39d000, 0x000000010fa2d000, 0x000000011e39d000]
 total_blobs=2045 nmethods=1559 adapters=400
 compilation: enabled

Compilation events (10 events):
Event: 819.174 Thread 0x00007fa0e3826000 1664   !   4       java.awt.EventQueue::setCurrentEventAndMostRecentTimeImpl (185 bytes)
Event: 819.180 Thread 0x00007fa0e3826000 nmethod 1664 0x000000010f4b1510 code [0x000000010f4b16e0, 0x000000010f4b1cf0]
Event: 819.194 Thread 0x00007fa0e4050000 1665       4       java.awt.EventQueue$3::run (5 bytes)
Event: 819.207 Thread 0x00007fa0e4050000 nmethod 1665 0x000000010f9fb190 code [0x000000010f9fb460, 0x000000010f9fc318]
Event: 820.683 Thread 0x00007fa0e3826000 1666       4       javax.swing.RepaintManager::addDirtyRegion (37 bytes)
Event: 820.685 Thread 0x00007fa0e3826000 nmethod 1666 0x000000010f539dd0 code [0x000000010f539f60, 0x000000010f53a168]
Event: 820.903 Thread 0x00007fa0e4050000 1667   !   4       javax.swing.RepaintManager$ProcessingRunnable::run (41 bytes)
Event: 820.952 Thread 0x00007fa0e4050000 nmethod 1667 0x000000010fa19650 code [0x000000010fa19a40, 0x000000010fa1cac8]
Event: 820.964 Thread 0x00007fa0e3826000 1668       4       javax.swing.Timer$DoPostEvent::run (95 bytes)
Event: 820.975 Thread 0x00007fa0e3826000 nmethod 1668 0x000000010fa0edd0 code [0x000000010fa0f040, 0x000000010fa0fe30]

GC Heap History (10 events):
Event: 123.675 GC heap before
{Heap before GC invocations=1 (full 0):
 PSYoungGen      total 76288K, used 65536K [0x000000076ab00000, 0x0000000770000000, 0x00000007c0000000)
  eden space 65536K, 100% used [0x000000076ab00000,0x000000076eb00000,0x000000076eb00000)
  from space 10752K, 0% used [0x000000076f580000,0x000000076f580000,0x0000000770000000)
  to   space 10752K, 0% used [0x000000076eb00000,0x000000076eb00000,0x000000076f580000)
 ParOldGen       total 175104K, used 0K [0x00000006c0000000, 0x00000006cab00000, 0x000000076ab00000)
  object space 175104K, 0% used [0x00000006c0000000,0x00000006c0000000,0x00000006cab00000)
 Metaspace       used 10101K, capacity 10264K, committed 10496K, reserved 1058816K
  class space    used 1144K, capacity 1216K, committed 1280K, reserved 1048576K
Event: 123.678 GC heap after
Heap after GC invocations=1 (full 0):
 PSYoungGen      total 76288K, used 2112K [0x000000076ab00000, 0x0000000770000000, 0x00000007c0000000)
  eden space 65536K, 0% used [0x000000076ab00000,0x000000076ab00000,0x000000076eb00000)
  from space 10752K, 19% used [0x000000076eb00000,0x000000076ed10020,0x000000076f580000)
  to   space 10752K, 0% used [0x000000076f580000,0x000000076f580000,0x0000000770000000)
 ParOldGen       total 175104K, used 16K [0x00000006c0000000, 0x00000006cab00000, 0x000000076ab00000)
  object space 175104K, 0% used [0x00000006c0000000,0x00000006c0004000,0x00000006cab00000)
 Metaspace       used 10101K, capacity 10264K, committed 10496K, reserved 1058816K
  class space    used 1144K, capacity 1216K, committed 1280K, reserved 1048576K
}
Event: 294.897 GC heap before
{Heap before GC invocations=2 (full 0):
 PSYoungGen      total 76288K, used 67648K [0x000000076ab00000, 0x0000000770000000, 0x00000007c0000000)
  eden space 65536K, 100% used [0x000000076ab00000,0x000000076eb00000,0x000000076eb00000)
  from space 10752K, 19% used [0x000000076eb00000,0x000000076ed10020,0x000000076f580000)
  to   space 10752K, 0% used [0x000000076f580000,0x000000076f580000,0x0000000770000000)
 ParOldGen       total 175104K, used 16K [0x00000006c0000000, 0x00000006cab00000, 0x000000076ab00000)
  object space 175104K, 0% used [0x00000006c0000000,0x00000006c0004000,0x00000006cab00000)
 Metaspace       used 10131K, capacity 10328K, committed 10496K, reserved 1058816K
  class space    used 1146K, capacity 1216K, committed 1280K, reserved 1048576K
Event: 294.900 GC heap after
Heap after GC invocations=2 (full 0):
 PSYoungGen      total 76288K, used 2096K [0x000000076ab00000, 0x0000000770000000, 0x00000007c0000000)
  eden space 65536K, 0% used [0x000000076ab00000,0x000000076ab00000,0x000000076eb00000)
  from space 10752K, 19% used [0x000000076f580000,0x000000076f78c010,0x0000000770000000)
  to   space 10752K, 0% used [0x000000076eb00000,0x000000076eb00000,0x000000076f580000)
 ParOldGen       total 175104K, used 24K [0x00000006c0000000, 0x00000006cab00000, 0x000000076ab00000)
  object space 175104K, 0% used [0x00000006c0000000,0x00000006c0006000,0x00000006cab00000)
 Metaspace       used 10131K, capacity 10328K, committed 10496K, reserved 1058816K
  class space    used 1146K, capacity 1216K, committed 1280K, reserved 1048576K
}
Event: 473.414 GC heap before
{Heap before GC invocations=3 (full 0):
 PSYoungGen      total 76288K, used 67632K [0x000000076ab00000, 0x0000000770000000, 0x00000007c0000000)
  eden space 65536K, 100% used [0x000000076ab00000,0x000000076eb00000,0x000000076eb00000)
  from space 10752K, 19% used [0x000000076f580000,0x000000076f78c010,0x0000000770000000)
  to   space 10752K, 0% used [0x000000076eb00000,0x000000076eb00000,0x000000076f580000)
 ParOldGen       total 175104K, used 24K [0x00000006c0000000, 0x00000006cab00000, 0x000000076ab00000)
  object space 175104K, 0% used [0x00000006c0000000,0x00000006c0006000,0x00000006cab00000)
 Metaspace       used 10131K, capacity 10328K, committed 10496K, reserved 1058816K
  class space    used 1146K, capacity 1216K, committed 1280K, reserved 1048576K
Event: 473.416 GC heap after
Heap after GC invocations=3 (full 0):
 PSYoungGen      total 76288K, used 2064K [0x000000076ab00000, 0x0000000770000000, 0x00000007c0000000)
  eden space 65536K, 0% used [0x000000076ab00000,0x000000076ab00000,0x000000076eb00000)
  from space 10752K, 19% used [0x000000076eb00000,0x000000076ed04010,0x000000076f580000)
  to   space 10752K, 0% used [0x000000076f580000,0x000000076f580000,0x0000000770000000)
 ParOldGen       total 175104K, used 24K [0x00000006c0000000, 0x00000006cab00000, 0x000000076ab00000)
  object space 175104K, 0% used [0x00000006c0000000,0x00000006c0006000,0x00000006cab00000)
 Metaspace       used 10131K, capacity 10328K, committed 10496K, reserved 1058816K
  class space    used 1146K, capacity 1216K, committed 1280K, reserved 1048576K
}
Event: 654.990 GC heap before
{Heap before GC invocations=4 (full 0):
 PSYoungGen      total 76288K, used 67600K [0x000000076ab00000, 0x0000000770000000, 0x00000007c0000000)
  eden space 65536K, 100% used [0x000000076ab00000,0x000000076eb00000,0x000000076eb00000)
  from space 10752K, 19% used [0x000000076eb00000,0x000000076ed04010,0x000000076f580000)
  to   space 10752K, 0% used [0x000000076f580000,0x000000076f580000,0x0000000770000000)
 ParOldGen       total 175104K, used 24K [0x00000006c0000000, 0x00000006cab00000, 0x000000076ab00000)
  object space 175104K, 0% used [0x00000006c0000000,0x00000006c0006000,0x00000006cab00000)
 Metaspace       used 10137K, capacity 10328K, committed 10496K, reserved 1058816K
  class space    used 1146K, capacity 1216K, committed 1280K, reserved 1048576K
Event: 654.992 GC heap after
Heap after GC invocations=4 (full 0):
 PSYoungGen      total 76288K, used 2112K [0x000000076ab00000, 0x0000000770000000, 0x00000007c0000000)
  eden space 65536K, 0% used [0x000000076ab00000,0x000000076ab00000,0x000000076eb00000)
  from space 10752K, 19% used [0x000000076f580000,0x000000076f790020,0x0000000770000000)
  to   space 10752K, 0% used [0x000000076eb00000,0x000000076eb00000,0x000000076f580000)
 ParOldGen       total 175104K, used 24K [0x00000006c0000000, 0x00000006cab00000, 0x000000076ab00000)
  object space 175104K, 0% used [0x00000006c0000000,0x00000006c0006000,0x00000006cab00000)
 Metaspace       used 10137K, capacity 10328K, committed 10496K, reserved 1058816K
  class space    used 1146K, capacity 1216K, committed 1280K, reserved 1048576K
}
Event: 828.386 GC heap before
{Heap before GC invocations=5 (full 0):
 PSYoungGen      total 76288K, used 67648K [0x000000076ab00000, 0x0000000770000000, 0x00000007c0000000)
  eden space 65536K, 100% used [0x000000076ab00000,0x000000076eb00000,0x000000076eb00000)
  from space 10752K, 19% used [0x000000076f580000,0x000000076f790020,0x0000000770000000)
  to   space 10752K, 0% used [0x000000076eb00000,0x000000076eb00000,0x000000076f580000)
 ParOldGen       total 175104K, used 24K [0x00000006c0000000, 0x00000006cab00000, 0x000000076ab00000)
  object space 175104K, 0% used [0x00000006c0000000,0x00000006c0006000,0x00000006cab00000)
 Metaspace       used 10388K, capacity 10552K, committed 10752K, reserved 1058816K
  class space    used 1184K, capacity 1248K, committed 1280K, reserved 1048576K
Event: 828.388 GC heap after
Heap after GC invocations=5 (full 0):
 PSYoungGen      total 66560K, used 2096K [0x000000076ab00000, 0x000000076f600000, 0x00000007c0000000)
  eden space 64000K, 0% used [0x000000076ab00000,0x000000076ab00000,0x000000076e980000)
  from space 2560K, 81% used [0x000000076eb00000,0x000000076ed0c010,0x000000076ed80000)
  to   space 2560K, 0% used [0x000000076f380000,0x000000076f380000,0x000000076f600000)
 ParOldGen       total 175104K, used 32K [0x00000006c0000000, 0x00000006cab00000, 0x000000076ab00000)
  object space 175104K, 0% used [0x00000006c0000000,0x00000006c0008000,0x00000006cab00000)
 Metaspace       used 10388K, capacity 10552K, committed 10752K, reserved 1058816K
  class space    used 1184K, capacity 1248K, committed 1280K, reserved 1048576K
}

Deoptimization events (10 events):
Event: 793.973 Thread 0x00007fa0e3a78000 Uncommon trap: reason=class_check action=maybe_recompile pc=0x000000010f940dd8 method=java.awt.Container.getComponent(I)Ljava/awt/Component; @ 10
Event: 793.973 Thread 0x00007fa0e3a78000 Uncommon trap: reason=class_check action=maybe_recompile pc=0x000000010f82a340 method=javax.swing.JComponent.paintComponent(Ljava/awt/Graphics;)V @ 26
Event: 793.973 Thread 0x00007fa0e3a78000 Uncommon trap: reason=class_check action=maybe_recompile pc=0x000000010f8431f0 method=javax.swing.JComponent.paintChildren(Ljava/awt/Graphics;)V @ 85
Event: 793.973 Thread 0x00007fa0e3a78000 Uncommon trap: reason=class_check action=maybe_recompile pc=0x000000010f940dd8 method=java.awt.Container.getComponent(I)Ljava/awt/Component; @ 10
Event: 793.973 Thread 0x00007fa0e3a78000 Uncommon trap: reason=unstable_if action=reinterpret pc=0x000000010f83e1e0 method=javax.swing.JComponent.getComponentGraphics(Ljava/awt/Graphics;)Ljava/awt/Graphics; @ 6
Event: 793.973 Thread 0x00007fa0e3a78000 Uncommon trap: reason=class_check action=maybe_recompile pc=0x000000010f944d4c method=java.awt.Container.getComponent(I)Ljava/awt/Component; @ 10
Event: 793.973 Thread 0x00007fa0e3a78000 Uncommon trap: reason=class_check action=maybe_recompile pc=0x000000010f8431f0 method=javax.swing.JComponent.paintChildren(Ljava/awt/Graphics;)V @ 85
Event: 793.973 Thread 0x00007fa0e3a78000 Uncommon trap: reason=class_check action=maybe_recompile pc=0x000000010f940dd8 method=java.awt.Container.getComponent(I)Ljava/awt/Component; @ 10
Event: 793.973 Thread 0x00007fa0e3a78000 Uncommon trap: reason=class_check action=maybe_recompile pc=0x000000010f844d90 method=sun.java2d.SunGraphics2D.intersectShapes(Ljava/awt/Shape;Ljava/awt/Shape;ZZ)Ljava/awt/Shape; @ 27
Event: 793.976 Thread 0x00007fa0e3a78000 Uncommon trap: reason=unstable_if action=reinterpret pc=0x000000010f7943f0 method=java.util.IdentityHashMap.isEmpty()Z @ 4

Internal exceptions (10 events):
Event: 0.090 Thread 0x00007fa0e280a800 Exception <a 'java/security/PrivilegedActionException'> (0x000000076abe4fe8) thrown at [/HUDSON3/workspace/8-2-build-macosx-x86_64/jdk8u101/7261/hotspot/src/share/vm/prims/jvm.cpp, line 1386]
Event: 0.090 Thread 0x00007fa0e280a800 Exception <a 'java/security/PrivilegedActionException'> (0x000000076abe51f8) thrown at [/HUDSON3/workspace/8-2-build-macosx-x86_64/jdk8u101/7261/hotspot/src/share/vm/prims/jvm.cpp, line 1386]
Event: 0.090 Thread 0x00007fa0e280a800 Exception <a 'java/security/PrivilegedActionException'> (0x000000076abe8500) thrown at [/HUDSON3/workspace/8-2-build-macosx-x86_64/jdk8u101/7261/hotspot/src/share/vm/prims/jvm.cpp, line 1386]
Event: 0.090 Thread 0x00007fa0e280a800 Exception <a 'java/security/PrivilegedActionException'> (0x000000076abe8710) thrown at [/HUDSON3/workspace/8-2-build-macosx-x86_64/jdk8u101/7261/hotspot/src/share/vm/prims/jvm.cpp, line 1386]
Event: 0.125 Thread 0x00007fa0e280a800 Exception <a 'java/lang/NoSuchFieldError': method resolution failed> (0x000000076adfe380) thrown at [/HUDSON3/workspace/8-2-build-macosx-x86_64/jdk8u101/7261/hotspot/src/share/vm/prims/methodHandles.cpp, line 1146]
Event: 0.126 Thread 0x00007fa0e280a800 Exception <a 'java/lang/NoSuchFieldError': method resolution failed> (0x000000076ae0bb50) thrown at [/HUDSON3/workspace/8-2-build-macosx-x86_64/jdk8u101/7261/hotspot/src/share/vm/prims/methodHandles.cpp, line 1146]
Event: 0.236 Thread 0x00007fa0e280a800 Exception <a 'java/io/FileNotFoundException'> (0x000000076ae86328) thrown at [/HUDSON3/workspace/8-2-build-macosx-x86_64/jdk8u101/7261/hotspot/src/share/vm/prims/jni.cpp, line 709]
Event: 0.236 Thread 0x00007fa0e280a800 Exception <a 'java/io/FileNotFoundException'> (0x000000076ae86e90) thrown at [/HUDSON3/workspace/8-2-build-macosx-x86_64/jdk8u101/7261/hotspot/src/share/vm/prims/jni.cpp, line 709]
Event: 123.679 Thread 0x00007fa0e4045000 Exception <a 'java/lang/NullPointerException'> (0x000000076ad64ce0) thrown at [/HUDSON3/workspace/8-2-build-macosx-x86_64/jdk8u101/7261/hotspot/src/share/vm/interpreter/linkResolver.cpp, line 1178]
Event: 793.965 Thread 0x00007fa0e28ec000 Implicit null exception at 0x000000010f73bd2c to 0x000000010f73bf45

Events (10 events):
Event: 820.953 Thread 0x00007fa0e4050000 flushing nmethod 0x000000010f623910
Event: 820.953 Thread 0x00007fa0e4050000 flushing nmethod 0x000000010f625010
Event: 820.953 Thread 0x00007fa0e4050000 flushing nmethod 0x000000010f625410
Event: 820.953 Thread 0x00007fa0e4050000 flushing nmethod 0x000000010f639310
Event: 820.953 Thread 0x00007fa0e4050000 flushing nmethod 0x000000010f639650
Event: 820.975 Thread 0x00007fa0e3826000 flushing nmethod 0x000000010f651310
Event: 820.975 Thread 0x00007fa0e3826000 flushing nmethod 0x000000010f652ed0
Event: 820.975 Thread 0x00007fa0e3826000 flushing nmethod 0x000000010f680910
Event: 828.386 Executing VM operation: ParallelGCFailedAllocation
Event: 828.388 Executing VM operation: ParallelGCFailedAllocation done


Dynamic libraries:
0x0000000001464000 	/System/Library/Frameworks/Cocoa.framework/Versions/A/Cocoa
0x0000000001464000 	/System/Library/Frameworks/Security.framework/Versions/A/Security
0x0000000001464000 	/System/Library/Frameworks/ApplicationServices.framework/Versions/A/ApplicationServices
0x0000000001464000 	/usr/lib/libz.1.dylib
0x0000000001464000 	/usr/lib/libSystem.B.dylib
0x0000000001464000 	/usr/lib/libobjc.A.dylib
0x0000000001464000 	/System/Library/Frameworks/CoreFoundation.framework/Versions/A/CoreFoundation
0x0000000001464000 	/System/Library/Frameworks/Foundation.framework/Versions/C/Foundation
0x0000000001464000 	/System/Library/Frameworks/AppKit.framework/Versions/C/AppKit
0x0000000001464000 	/System/Library/Frameworks/CoreData.framework/Versions/A/CoreData
0x0000000001464000 	/System/Library/PrivateFrameworks/RemoteViewServices.framework/Versions/A/RemoteViewServices
0x0000000001464000 	/System/Library/PrivateFrameworks/UIFoundation.framework/Versions/A/UIFoundation
0x0000000001464000 	/usr/lib/libScreenReader.dylib
0x0000000001464000 	/System/Library/Frameworks/Accelerate.framework/Versions/A/Accelerate
0x0000000001464000 	/System/Library/Frameworks/IOSurface.framework/Versions/A/IOSurface
0x0000000001464000 	/System/Library/Frameworks/AudioToolbox.framework/Versions/A/AudioToolbox
0x0000000001464000 	/System/Library/Frameworks/AudioUnit.framework/Versions/A/AudioUnit
0x0000000001464000 	/System/Library/PrivateFrameworks/DataDetectorsCore.framework/Versions/A/DataDetectorsCore
0x0000000001464000 	/System/Library/PrivateFrameworks/DesktopServicesPriv.framework/Versions/A/DesktopServicesPriv
0x0000000001464000 	/System/Library/Frameworks/Carbon.framework/Versions/A/Frameworks/HIToolbox.framework/Versions/A/HIToolbox
0x0000000001464000 	/System/Library/Frameworks/QuartzCore.framework/Versions/A/QuartzCore
0x0000000001464000 	/System/Library/Frameworks/Carbon.framework/Versions/A/Frameworks/SpeechRecognition.framework/Versions/A/SpeechRecognition
0x0000000001464000 	/usr/lib/libauto.dylib
0x0000000001464000 	/usr/lib/libicucore.A.dylib
0x0000000001464000 	/usr/lib/libxml2.2.dylib
0x0000000001464000 	/System/Library/PrivateFrameworks/CoreUI.framework/Versions/A/CoreUI
0x0000000001464000 	/System/Library/Frameworks/CoreAudio.framework/Versions/A/CoreAudio
0x0000000001464000 	/System/Library/Frameworks/DiskArbitration.framework/Versions/A/DiskArbitration
0x0000000001464000 	/usr/lib/liblangid.dylib
0x0000000001464000 	/System/Library/PrivateFrameworks/MultitouchSupport.framework/Versions/A/MultitouchSupport
0x0000000001464000 	/System/Library/Frameworks/IOKit.framework/Versions/A/IOKit
0x0000000001464000 	/usr/lib/libDiagnosticMessagesClient.dylib
0x0000000001464000 	/System/Library/Frameworks/CoreServices.framework/Versions/A/CoreServices
0x0000000001464000 	/System/Library/PrivateFrameworks/PerformanceAnalysis.framework/Versions/A/PerformanceAnalysis
0x0000000001464000 	/System/Library/PrivateFrameworks/GenerationalStorage.framework/Versions/A/GenerationalStorage
0x0000000001464000 	/System/Library/Frameworks/OpenGL.framework/Versions/A/OpenGL
0x0000000001464000 	/System/Library/PrivateFrameworks/Sharing.framework/Versions/A/Sharing
0x0000000001464000 	/System/Library/Frameworks/CoreGraphics.framework/Versions/A/CoreGraphics
0x0000000001464000 	/System/Library/Frameworks/CoreImage.framework/Versions/A/CoreImage
0x0000000001464000 	/System/Library/Frameworks/CoreText.framework/Versions/A/CoreText
0x0000000001464000 	/System/Library/Frameworks/ImageIO.framework/Versions/A/ImageIO
0x0000000001464000 	/System/Library/PrivateFrameworks/Backup.framework/Versions/A/Backup
0x0000000001464000 	/usr/lib/libextension.dylib
0x0000000001464000 	/usr/lib/libarchive.2.dylib
0x0000000001464000 	/System/Library/Frameworks/CFNetwork.framework/Versions/A/CFNetwork
0x0000000001464000 	/System/Library/Frameworks/SystemConfiguration.framework/Versions/A/SystemConfiguration
0x0000000001464000 	/usr/lib/libCRFSuite.dylib
0x0000000001464000 	/usr/lib/libc++.1.dylib
0x0000000001464000 	/usr/lib/libc++abi.dylib
0x0000000001464000 	/usr/lib/system/libcache.dylib
0x0000000001464000 	/usr/lib/system/libcommonCrypto.dylib
0x0000000001464000 	/usr/lib/system/libcompiler_rt.dylib
0x0000000001464000 	/usr/lib/system/libcopyfile.dylib
0x0000000001464000 	/usr/lib/system/libcorecrypto.dylib
0x0000000001464000 	/usr/lib/system/libdispatch.dylib
0x0000000001464000 	/usr/lib/system/libdyld.dylib
0x0000000001464000 	/usr/lib/system/libkeymgr.dylib
0x0000000001464000 	/usr/lib/system/liblaunch.dylib
0x0000000001464000 	/usr/lib/system/libmacho.dylib
0x0000000001464000 	/usr/lib/system/libquarantine.dylib
0x0000000001464000 	/usr/lib/system/libremovefile.dylib
0x0000000001464000 	/usr/lib/system/libsystem_asl.dylib
0x0000000001464000 	/usr/lib/system/libsystem_blocks.dylib
0x0000000001464000 	/usr/lib/system/libsystem_c.dylib
0x0000000001464000 	/usr/lib/system/libsystem_configuration.dylib
0x0000000001464000 	/usr/lib/system/libsystem_coreservices.dylib
0x0000000001464000 	/usr/lib/system/libsystem_coretls.dylib
0x0000000001464000 	/usr/lib/system/libsystem_dnssd.dylib
0x0000000001464000 	/usr/lib/system/libsystem_info.dylib
0x0000000001464000 	/usr/lib/system/libsystem_kernel.dylib
0x0000000001464000 	/usr/lib/system/libsystem_m.dylib
0x0000000001464000 	/usr/lib/system/libsystem_malloc.dylib
0x0000000001464000 	/usr/lib/system/libsystem_network.dylib
0x0000000001464000 	/usr/lib/system/libsystem_networkextension.dylib
0x0000000001464000 	/usr/lib/system/libsystem_notify.dylib
0x0000000001464000 	/usr/lib/system/libsystem_platform.dylib
0x0000000001464000 	/usr/lib/system/libsystem_pthread.dylib
0x0000000001464000 	/usr/lib/system/libsystem_sandbox.dylib
0x0000000001464000 	/usr/lib/system/libsystem_secinit.dylib
0x0000000001464000 	/usr/lib/system/libsystem_trace.dylib
0x0000000001464000 	/usr/lib/system/libunc.dylib
0x0000000001464000 	/usr/lib/system/libunwind.dylib
0x0000000001464000 	/usr/lib/system/libxpc.dylib
0x0000000001464000 	/usr/lib/libenergytrace.dylib
0x0000000001464000 	/usr/lib/libbsm.0.dylib
0x0000000001464000 	/usr/lib/system/libkxld.dylib
0x0000000001464000 	/usr/lib/libxar.1.dylib
0x0000000001464000 	/usr/lib/libsqlite3.dylib
0x0000000001464000 	/usr/lib/libpam.2.dylib
0x0000000001464000 	/usr/lib/libOpenScriptingUtil.dylib
0x0000000001464000 	/usr/lib/libbz2.1.0.dylib
0x0000000001464000 	/usr/lib/liblzma.5.dylib
0x0000000001464000 	/System/Library/Frameworks/CoreServices.framework/Versions/A/Frameworks/FSEvents.framework/Versions/A/FSEvents
0x0000000001464000 	/System/Library/Frameworks/CoreServices.framework/Versions/A/Frameworks/CarbonCore.framework/Versions/A/CarbonCore
0x0000000001464000 	/System/Library/Frameworks/CoreServices.framework/Versions/A/Frameworks/Metadata.framework/Versions/A/Metadata
0x0000000001464000 	/System/Library/Frameworks/CoreServices.framework/Versions/A/Frameworks/OSServices.framework/Versions/A/OSServices
0x0000000001464000 	/System/Library/Frameworks/CoreServices.framework/Versions/A/Frameworks/SearchKit.framework/Versions/A/SearchKit
0x0000000001464000 	/System/Library/Frameworks/CoreServices.framework/Versions/A/Frameworks/AE.framework/Versions/A/AE
0x0000000001464000 	/System/Library/Frameworks/CoreServices.framework/Versions/A/Frameworks/LaunchServices.framework/Versions/A/LaunchServices
0x0000000001464000 	/System/Library/Frameworks/CoreServices.framework/Versions/A/Frameworks/DictionaryServices.framework/Versions/A/DictionaryServices
0x0000000001464000 	/System/Library/Frameworks/CoreServices.framework/Versions/A/Frameworks/SharedFileList.framework/Versions/A/SharedFileList
0x0000000001464000 	/System/Library/Frameworks/NetFS.framework/Versions/A/NetFS
0x0000000001464000 	/System/Library/PrivateFrameworks/NetAuth.framework/Versions/A/NetAuth
0x0000000001464000 	/System/Library/PrivateFrameworks/login.framework/Versions/A/Frameworks/loginsupport.framework/Versions/A/loginsupport
0x0000000001464000 	/System/Library/PrivateFrameworks/TCC.framework/Versions/A/TCC
0x0000000001464000 	/usr/lib/libmecabra.dylib
0x0000000001464000 	/System/Library/Frameworks/ApplicationServices.framework/Versions/A/Frameworks/ATS.framework/Versions/A/ATS
0x0000000001464000 	/System/Library/Frameworks/ApplicationServices.framework/Versions/A/Frameworks/ColorSync.framework/Versions/A/ColorSync
0x0000000001464000 	/System/Library/Frameworks/ApplicationServices.framework/Versions/A/Frameworks/HIServices.framework/Versions/A/HIServices
0x0000000001464000 	/System/Library/Frameworks/ApplicationServices.framework/Versions/A/Frameworks/LangAnalysis.framework/Versions/A/LangAnalysis
0x0000000001464000 	/System/Library/Frameworks/ApplicationServices.framework/Versions/A/Frameworks/PrintCore.framework/Versions/A/PrintCore
0x0000000001464000 	/System/Library/Frameworks/ApplicationServices.framework/Versions/A/Frameworks/QD.framework/Versions/A/QD
0x0000000001464000 	/System/Library/Frameworks/ApplicationServices.framework/Versions/A/Frameworks/SpeechSynthesis.framework/Versions/A/SpeechSynthesis
0x0000000001464000 	/System/Library/Frameworks/Metal.framework/Versions/A/Metal
0x0000000001464000 	/System/Library/Frameworks/Accelerate.framework/Versions/A/Frameworks/vImage.framework/Versions/A/vImage
0x0000000001464000 	/System/Library/Frameworks/Accelerate.framework/Versions/A/Frameworks/vecLib.framework/Versions/A/vecLib
0x0000000001464000 	/System/Library/Frameworks/Accelerate.framework/Versions/A/Frameworks/vecLib.framework/Versions/A/libvDSP.dylib
0x0000000001464000 	/System/Library/Frameworks/Accelerate.framework/Versions/A/Frameworks/vecLib.framework/Versions/A/libvMisc.dylib
0x0000000001464000 	/System/Library/Frameworks/Accelerate.framework/Versions/A/Frameworks/vecLib.framework/Versions/A/libLAPACK.dylib
0x0000000001464000 	/System/Library/Frameworks/Accelerate.framework/Versions/A/Frameworks/vecLib.framework/Versions/A/libBLAS.dylib
0x0000000001464000 	/System/Library/Frameworks/Accelerate.framework/Versions/A/Frameworks/vecLib.framework/Versions/A/libLinearAlgebra.dylib
0x0000000001464000 	/System/Library/Frameworks/Accelerate.framework/Versions/A/Frameworks/vecLib.framework/Versions/A/libSparseBLAS.dylib
0x0000000001464000 	/System/Library/PrivateFrameworks/GPUCompiler.framework/libmetal_timestamp.dylib
0x0000000001464000 	/System/Library/Frameworks/OpenGL.framework/Versions/A/Libraries/libCoreFSCache.dylib
0x0000000001464000 	/System/Library/PrivateFrameworks/IOAccelerator.framework/Versions/A/IOAccelerator
0x0000000001464000 	/System/Library/Frameworks/ApplicationServices.framework/Versions/A/Frameworks/ATS.framework/Versions/A/Resources/libFontParser.dylib
0x0000000001464000 	/System/Library/Frameworks/ApplicationServices.framework/Versions/A/Frameworks/ATS.framework/Versions/A/Resources/libFontRegistry.dylib
0x0000000001464000 	/System/Library/PrivateFrameworks/AppleVPA.framework/Versions/A/AppleVPA
0x0000000001464000 	/System/Library/PrivateFrameworks/AppleJPEG.framework/Versions/A/AppleJPEG
0x0000000001464000 	/System/Library/Frameworks/ImageIO.framework/Versions/A/Resources/libJPEG.dylib
0x0000000001464000 	/System/Library/Frameworks/ImageIO.framework/Versions/A/Resources/libTIFF.dylib
0x0000000001464000 	/System/Library/Frameworks/ImageIO.framework/Versions/A/Resources/libPng.dylib
0x0000000001464000 	/System/Library/Frameworks/ImageIO.framework/Versions/A/Resources/libGIF.dylib
0x0000000001464000 	/System/Library/Frameworks/ImageIO.framework/Versions/A/Resources/libJP2.dylib
0x0000000001464000 	/System/Library/Frameworks/ImageIO.framework/Versions/A/Resources/libRadiance.dylib
0x0000000001464000 	/System/Library/Frameworks/CoreVideo.framework/Versions/A/CoreVideo
0x0000000001464000 	/System/Library/Frameworks/OpenGL.framework/Versions/A/Libraries/libGLU.dylib
0x0000000001464000 	/System/Library/Frameworks/OpenGL.framework/Versions/A/Libraries/libGFXShared.dylib
0x0000000001464000 	/System/Library/Frameworks/OpenGL.framework/Versions/A/Libraries/libGL.dylib
0x0000000001464000 	/System/Library/Frameworks/OpenGL.framework/Versions/A/Libraries/libGLImage.dylib
0x0000000001464000 	/System/Library/Frameworks/OpenGL.framework/Versions/A/Libraries/libCVMSPluginSupport.dylib
0x0000000001464000 	/System/Library/Frameworks/OpenGL.framework/Versions/A/Libraries/libCoreVMClient.dylib
0x0000000001464000 	/usr/lib/libcompression.dylib
0x0000000001464000 	/usr/lib/libcups.2.dylib
0x0000000001464000 	/System/Library/Frameworks/Kerberos.framework/Versions/A/Kerberos
0x0000000001464000 	/System/Library/Frameworks/GSS.framework/Versions/A/GSS
0x0000000001464000 	/usr/lib/libresolv.9.dylib
0x0000000001464000 	/usr/lib/libiconv.2.dylib
0x0000000001464000 	/System/Library/PrivateFrameworks/Heimdal.framework/Versions/A/Heimdal
0x0000000001464000 	/usr/lib/libheimdal-asn1.dylib
0x0000000001464000 	/System/Library/Frameworks/OpenDirectory.framework/Versions/A/OpenDirectory
0x0000000001464000 	/System/Library/PrivateFrameworks/CommonAuth.framework/Versions/A/CommonAuth
0x0000000001464000 	/System/Library/Frameworks/OpenDirectory.framework/Versions/A/Frameworks/CFOpenDirectory.framework/Versions/A/CFOpenDirectory
0x0000000001464000 	/System/Library/Frameworks/SecurityFoundation.framework/Versions/A/SecurityFoundation
0x0000000001464000 	/System/Library/PrivateFrameworks/LanguageModeling.framework/Versions/A/LanguageModeling
0x0000000001464000 	/usr/lib/libmarisa.dylib
0x0000000001464000 	/usr/lib/libChineseTokenizer.dylib
0x0000000001464000 	/usr/lib/libcmph.dylib
0x0000000001464000 	/System/Library/Frameworks/ServiceManagement.framework/Versions/A/ServiceManagement
0x0000000001464000 	/usr/lib/libxslt.1.dylib
0x0000000001464000 	/System/Library/Frameworks/Carbon.framework/Versions/A/Frameworks/Ink.framework/Versions/A/Ink
0x0000000001464000 	/usr/lib/libFosl_dynamic.dylib
0x0000000001464000 	/System/Library/PrivateFrameworks/FaceCore.framework/Versions/A/FaceCore
0x0000000001464000 	/System/Library/Frameworks/OpenCL.framework/Versions/A/OpenCL
0x0000000001464000 	/System/Library/PrivateFrameworks/CrashReporterSupport.framework/Versions/A/CrashReporterSupport
0x0000000001464000 	/System/Library/PrivateFrameworks/IconServices.framework/Versions/A/IconServices
0x0000000001464000 	/System/Library/PrivateFrameworks/Apple80211.framework/Versions/A/Apple80211
0x0000000001464000 	/System/Library/Frameworks/CoreWLAN.framework/Versions/A/CoreWLAN
0x0000000001464000 	/System/Library/Frameworks/IOBluetooth.framework/Versions/A/IOBluetooth
0x0000000001464000 	/System/Library/PrivateFrameworks/CoreWiFi.framework/Versions/A/CoreWiFi
0x0000000001464000 	/System/Library/Frameworks/CoreBluetooth.framework/Versions/A/CoreBluetooth
0x0000000001464000 	/System/Library/PrivateFrameworks/ChunkingLibrary.framework/Versions/A/ChunkingLibrary
0x0000000001464000 	/System/Library/PrivateFrameworks/DebugSymbols.framework/Versions/A/DebugSymbols
0x0000000001464000 	/System/Library/PrivateFrameworks/CoreSymbolication.framework/Versions/A/CoreSymbolication
0x0000000001464000 	/System/Library/PrivateFrameworks/Symbolication.framework/Versions/A/Symbolication
0x0000000001464000 	/System/Library/PrivateFrameworks/SpeechRecognitionCore.framework/Versions/A/SpeechRecognitionCore
0x000000010e400000 	/Library/Java/JavaVirtualMachines/jdk1.8.0_101.jdk/Contents/Home/jre/lib/server/libjvm.dylib
0x0000000001464000 	/usr/lib/libstdc++.6.dylib
0x000000010db88000 	/Library/Java/JavaVirtualMachines/jdk1.8.0_101.jdk/Contents/Home/jre/lib/libverify.dylib
0x000000010db96000 	/Library/Java/JavaVirtualMachines/jdk1.8.0_101.jdk/Contents/Home/jre/lib/libjava.dylib
0x000000010dbd5000 	/Library/Java/JavaVirtualMachines/jdk1.8.0_101.jdk/Contents/Home/jre/lib/libzip.dylib
0x00000001297b3000 	/System/Library/Frameworks/JavaVM.framework/Frameworks/JavaRuntimeSupport.framework/JavaRuntimeSupport
0x00000001297ce000 	/System/Library/Frameworks/JavaVM.framework/Versions/A/Frameworks/JavaNativeFoundation.framework/Versions/A/JavaNativeFoundation
0x00000001297e3000 	/System/Library/Frameworks/JavaVM.framework/Versions/A/JavaVM
0x0000000001464000 	/System/Library/Frameworks/Carbon.framework/Versions/A/Carbon
0x00000001297f0000 	/System/Library/PrivateFrameworks/JavaLaunching.framework/Versions/A/JavaLaunching
0x0000000001464000 	/System/Library/Frameworks/Carbon.framework/Versions/A/Frameworks/CommonPanels.framework/Versions/A/CommonPanels
0x0000000001464000 	/System/Library/Frameworks/Carbon.framework/Versions/A/Frameworks/Help.framework/Versions/A/Help
0x0000000001464000 	/System/Library/Frameworks/Carbon.framework/Versions/A/Frameworks/ImageCapture.framework/Versions/A/ImageCapture
0x0000000001464000 	/System/Library/Frameworks/Carbon.framework/Versions/A/Frameworks/OpenScripting.framework/Versions/A/OpenScripting
0x0000000001464000 	/System/Library/Frameworks/Carbon.framework/Versions/A/Frameworks/Print.framework/Versions/A/Print
0x0000000001464000 	/System/Library/Frameworks/Carbon.framework/Versions/A/Frameworks/SecurityHI.framework/Versions/A/SecurityHI
0x000000012b14e000 	/Library/Java/JavaVirtualMachines/jdk1.8.0_101.jdk/Contents/Home/jre/lib/libawt.dylib
0x000000012b1f6000 	/Library/Java/JavaVirtualMachines/jdk1.8.0_101.jdk/Contents/Home/jre/lib/./libmlib_image.dylib
0x000000012b2c2000 	/Library/Java/JavaVirtualMachines/jdk1.8.0_101.jdk/Contents/Home/jre/lib/libawt_lwawt.dylib
0x000000012b377000 	/Library/Java/JavaVirtualMachines/jdk1.8.0_101.jdk/Contents/Home/jre/lib/./libosxapp.dylib
0x0000000001464000 	/System/Library/Frameworks/ExceptionHandling.framework/Versions/A/ExceptionHandling
0x0000000001464000 	/System/Library/PrivateFrameworks/CoreServicesInternal.framework/Versions/A/CoreServicesInternal
0x0000000001464000 	/System/Library/Frameworks/CoreGraphics.framework/Versions/A/Resources/libRIP.A.dylib
0x0000000001464000 	/System/Library/Frameworks/Accelerate.framework/Versions/A/Frameworks/vImage.framework/Versions/A/Libraries/libCGInterfaces.dylib
0x0000000001464000 	/System/Library/Frameworks/CoreGraphics.framework/Versions/A/Resources/libCGXType.A.dylib
0x0000000001464000 	/System/Library/Frameworks/OpenCL.framework/Versions/A/Libraries/libcldcpuengine.dylib
0x0000000001464000 	/System/Library/PrivateFrameworks/DiskImages.framework/Versions/A/DiskImages
0x0000000001464000 	/System/Library/Frameworks/DiscRecording.framework/Versions/A/DiscRecording
0x0000000001464000 	/usr/lib/libcsfde.dylib
0x0000000001464000 	/usr/lib/libcurl.4.dylib
0x0000000001464000 	/System/Library/PrivateFrameworks/MediaKit.framework/Versions/A/MediaKit
0x0000000001464000 	/System/Library/PrivateFrameworks/ProtectedCloudStorage.framework/Versions/A/ProtectedCloudStorage
0x0000000001464000 	/usr/lib/libCoreStorage.dylib
0x0000000001464000 	/System/Library/PrivateFrameworks/EFILogin.framework/Versions/A/EFILogin
0x0000000001464000 	/usr/lib/libutil.dylib
0x0000000001464000 	/System/Library/PrivateFrameworks/FindMyDevice.framework/Versions/A/FindMyDevice
0x0000000001464000 	/System/Library/Frameworks/LDAP.framework/Versions/A/LDAP
0x0000000001464000 	/usr/lib/libsasl2.2.dylib
0x0000000001464000 	/System/Library/PrivateFrameworks/CoreDaemon.framework/Versions/B/CoreDaemon
0x0000000001464000 	/usr/lib/libcrypto.0.9.8.dylib
0x0000000001464000 	/System/Library/PrivateFrameworks/AppleSRP.framework/Versions/A/AppleSRP
0x0000000001464000 	/System/Library/PrivateFrameworks/TrustEvaluationAgent.framework/Versions/A/TrustEvaluationAgent
0x000000012cef7000 	cl_kernels
0x0000000001464000 	/System/Library/Frameworks/OpenCL.framework/Versions/A/Libraries/ImageFormats/unorm8_bgra.dylib
0x0000000001464000 	/System/Library/Frameworks/OpenCL.framework/Versions/A/Libraries/ImageFormats/unorm8_rgba.dylib
0x0000000001464000 	/System/Library/PrivateFrameworks/FamilyControls.framework/Versions/A/FamilyControls
0x0000000001464000 	/System/Library/PrivateFrameworks/CommerceKit.framework/Versions/A/Frameworks/CommerceCore.framework/Versions/A/CommerceCore
0x0000000001464000 	/System/Library/PrivateFrameworks/SystemAdministration.framework/Versions/A/SystemAdministration
0x0000000001464000 	/System/Library/PrivateFrameworks/AppContainer.framework/Versions/A/AppContainer
0x0000000001464000 	/System/Library/PrivateFrameworks/SecCodeWrapper.framework/Versions/A/SecCodeWrapper
0x0000000001464000 	/System/Library/Frameworks/DirectoryService.framework/Versions/A/DirectoryService
0x0000000001464000 	/System/Library/PrivateFrameworks/LoginUIKit.framework/Versions/A/Frameworks/LoginUICore.framework/Versions/A/LoginUICore
0x0000000001464000 	/usr/lib/libodfde.dylib
0x000000012e0ae000 	/Library/Java/JavaVirtualMachines/jdk1.8.0_101.jdk/Contents/Home/jre/lib/libfontmanager.dylib
0x000000012c28d000 	/Library/Java/JavaVirtualMachines/jdk1.8.0_101.jdk/Contents/Home/jre/lib/libosxui.dylib
0x0000000001464000 	/System/Library/Frameworks/OpenGL.framework/Versions/A/Resources/GLEngine.bundle/GLEngine
0x0000000001464000 	/System/Library/Frameworks/OpenGL.framework/Versions/A/Libraries/libGLProgrammability.dylib
0x000000012eb53000 	/System/Library/Extensions/AMDRadeonX4000GLDriver.bundle/Contents/MacOS/AMDRadeonX4000GLDriver
0x0000000001464000 	/System/Library/PrivateFrameworks/GPUSupport.framework/Versions/A/Libraries/libGPUSupportMercury.dylib
0x000000012ec1f000 	/System/Library/Extensions/AMDRadeonX4000GLDriver.bundle/Contents/MacOS/ATIRadeonX4000SCLib.dylib
0x0000000001464000 	/System/Library/Frameworks/OpenGL.framework/Versions/A/Resources/GLRendererFloat.bundle/GLRendererFloat
0x00000001321ba000 	/System/Library/Extensions/AMDMTLBronzeDriver.bundle/Contents/MacOS/AMDMTLBronzeDriver
0x0000000001464000 	/System/Library/PrivateFrameworks/IOAccelMemoryInfo.framework/Versions/A/IOAccelMemoryInfo
0x0000000133310000 	/Library/Java/JavaVirtualMachines/jdk1.8.0_101.jdk/Contents/Home/jre/lib/libnet.dylib
0x00000001332a8000 	/Library/Java/JavaVirtualMachines/jdk1.8.0_101.jdk/Contents/Home/jre/lib/libnio.dylib
0x0000000001464000 	/System/Library/Frameworks/ApplicationServices.framework/Versions/A/Frameworks/ATS.framework/Versions/A/Resources/libTrueTypeScaler.dylib

VM Arguments:
jvm_args: -Dfile.encoding=UTF-8 
java_command: org.sevenhills.liueri19.Table
java_class_path (initial): /Users/spec_1/Documents/workspace_liueri19/Pong/bin
Launcher Type: SUN_STANDARD

Environment Variables:
PATH=/usr/bin:/bin:/usr/sbin:/sbin
SHELL=/bin/bash

Signal Handlers:
SIGSEGV: [libjvm.dylib+0x5af145], sa_mask[0]=11111111011111110111111111111111, sa_flags=SA_ONSTACK|SA_RESTART|SA_SIGINFO
SIGBUS: [libjvm.dylib+0x5af145], sa_mask[0]=11111111011111110111111111111111, sa_flags=SA_RESTART|SA_SIGINFO
SIGFPE: [libjvm.dylib+0x48694c], sa_mask[0]=11111111011111110111111111111111, sa_flags=SA_RESTART|SA_SIGINFO
SIGPIPE: [libjvm.dylib+0x48694c], sa_mask[0]=11111111011111110111111111111111, sa_flags=SA_RESTART|SA_SIGINFO
SIGXFSZ: [libjvm.dylib+0x48694c], sa_mask[0]=11111111011111110111111111111111, sa_flags=SA_RESTART|SA_SIGINFO
SIGILL: [libjvm.dylib+0x48694c], sa_mask[0]=11111111011111110111111111111111, sa_flags=SA_RESTART|SA_SIGINFO
SIGUSR1: SIG_DFL, sa_mask[0]=00000000000000000000000000000000, sa_flags=none
SIGUSR2: [libjvm.dylib+0x48646a], sa_mask[0]=00100000000000000000000000000000, sa_flags=SA_RESTART|SA_SIGINFO
SIGHUP: [libjvm.dylib+0x484a41], sa_mask[0]=11111111011111110111111111111111, sa_flags=SA_RESTART|SA_SIGINFO
SIGINT: [libjvm.dylib+0x484a41], sa_mask[0]=11111111011111110111111111111111, sa_flags=SA_RESTART|SA_SIGINFO
SIGTERM: [libjvm.dylib+0x484a41], sa_mask[0]=11111111011111110111111111111111, sa_flags=SA_RESTART|SA_SIGINFO
SIGQUIT: [libjvm.dylib+0x484a41], sa_mask[0]=11111111011111110111111111111111, sa_flags=SA_RESTART|SA_SIGINFO


---------------  S Y S T E M  ---------------

OS:Bsduname:Darwin 15.6.0 Darwin Kernel Version 15.6.0: Thu Jun 23 18:25:34 PDT 2016; root:xnu-3248.60.10~1/RELEASE_X86_64 x86_64
rlimit: STACK 8192k, CORE 0k, NPROC 709, NOFILE 10240, AS infinity
load average:2.40 2.09 1.80

CPU:total 4 (4 cores per cpu, 1 threads per core) family 6 model 94 stepping 3, cmov, cx8, fxsr, mmx, sse, sse2, sse3, ssse3, sse4.1, sse4.2, popcnt, avx, avx2, aes, clmul, erms, rtm, 3dnowpref, lzcnt, tsc, tscinvbit, bmi1, bmi2, adx

Memory: 4k page, physical 16777216k(872632k free)

/proc/meminfo:


vm_info: Java HotSpot(TM) 64-Bit Server VM (25.101-b13) for bsd-amd64 JRE (1.8.0_101-b13), built on Jun 22 2016 02:42:15 by "java_re" with gcc 4.2.1 (Based on Apple Inc. build 5658) (LLVM build 2336.11.00)

time: Wed Nov  2 15:16:01 2016
elapsed time: 828 seconds (0d 0h 13m 48s)

